2022-01-13 12:29:52,555 - INFO : Была вызвана функция send_request с параметрами (<ClientTransport(Thread-1, initial)>,), {'action': 'join', 'user': 'user_0'} В модуле messenger2.client.transport
2022-01-13 12:29:52,557 - INFO : Была вызвана функция send_request с параметрами (<ClientTransport(Thread-1, initial)>,), {'action': 'join', 'user': 'user_1'} В модуле messenger2.client.transport
2022-01-13 12:29:52,591 - INFO : Была вызвана функция send_request с параметрами (<ClientTransport(Thread-1, initial)>,), {'action': 'get_contacts', 'send_from': 'user_0', 'user': 'user_0'} В модуле messenger2.client.transport
2022-01-13 12:29:52,835 - INFO : Была вызвана функция send_request с параметрами (<ClientTransport(Thread-1, started daemon 20332)>,), {'action': 'get_contacts', 'send_from': 'user_0', 'user': 'user_0'} В модуле messenger2.client.transport
2022-01-13 12:29:52,837 - INFO : Была вызвана функция send_request с параметрами (<ClientTransport(Thread-1, initial)>,), {'action': 'get_contacts', 'send_from': 'user_1', 'user': 'user_1'} В модуле messenger2.client.transport
2022-01-13 12:29:53,080 - INFO : Была вызвана функция send_request с параметрами (<ClientTransport(Thread-1, started daemon 20164)>,), {'action': 'get_contacts', 'send_from': 'user_1', 'user': 'user_1'} В модуле messenger2.client.transport
2022-01-13 12:30:01,638 - INFO : Была вызвана функция send_request с параметрами (<ClientTransport(Thread-1, started daemon 20164)>,), {'action': 'get_contacts'} В модуле messenger2.client.transport
2022-01-13 12:30:05,619 - INFO : Была вызвана функция send_request с параметрами (<ClientTransport(Thread-1, started daemon 20164)>,), {'action': 'add', 'send_from': 'user_1', 'message': 'user_0', 'user': 'user_1'} В модуле messenger2.client.transport
2022-01-13 12:30:05,729 - INFO : Была вызвана функция send_request с параметрами (<ClientTransport(Thread-1, started daemon 20164)>,), {'action': 'get_contacts'} В модуле messenger2.client.transport
2022-01-13 12:30:27,006 - INFO : Была вызвана функция send_request с параметрами (<ClientTransport(Thread-1, started daemon 20164)>,), {'action': 'msg', 'send_from': 'user_1', 'send_to': 'user_0', 'message': 'hi', 'user': 'user_1'} В модуле messenger2.client.transport
2022-01-13 12:30:34,994 - INFO : Была вызвана функция send_request с параметрами (<ClientTransport(Thread-1, started daemon 20332)>,), {'action': 'add', 'send_from': 'user_0', 'message': 'user_1', 'user': 'user_0'} В модуле messenger2.client.transport
2022-01-13 12:30:41,281 - INFO : Была вызвана функция send_request с параметрами (<ClientTransport(Thread-1, started daemon 20332)>,), {'action': 'msg', 'send_from': 'user_0', 'send_to': 'user_1', 'message': 'hello', 'user': 'user_0'} В модуле messenger2.client.transport
2022-01-13 12:31:04,850 - INFO : Была вызвана функция send_request с параметрами (<ClientTransport(Thread-1, started daemon 20164)>,), {'action': 'quit', 'user': 'user_1'} В модуле messenger2.client.transport
2022-01-13 12:31:07,282 - INFO : Была вызвана функция send_request с параметрами (<ClientTransport(Thread-1, started daemon 20332)>,), {'action': 'quit', 'user': 'user_0'} В модуле messenger2.client.transport
2022-01-13 12:33:50,427 - INFO : Была вызвана функция send_request с параметрами (<ClientTransport(Thread-1, initial)>,), {'action': 'join', 'user': 'user_1'} В модуле messenger2.client.transport
2022-01-13 12:33:50,436 - INFO : Была вызвана функция send_request с параметрами (<ClientTransport(Thread-1, initial)>,), {'action': 'join', 'user': 'user_0'} В модуле messenger2.client.transport
2022-01-13 12:33:50,476 - INFO : Была вызвана функция send_request с параметрами (<ClientTransport(Thread-1, initial)>,), {'action': 'get_contacts', 'send_from': 'user_1', 'user': 'user_1'} В модуле messenger2.client.transport
2022-01-13 12:33:50,721 - INFO : Была вызвана функция send_request с параметрами (<ClientTransport(Thread-1, started daemon 21020)>,), {'action': 'get_contacts', 'send_from': 'user_1', 'user': 'user_1'} В модуле messenger2.client.transport
2022-01-13 12:33:50,723 - INFO : Была вызвана функция send_request с параметрами (<ClientTransport(Thread-1, initial)>,), {'action': 'get_contacts', 'send_from': 'user_0', 'user': 'user_0'} В модуле messenger2.client.transport
2022-01-13 12:33:50,972 - INFO : Была вызвана функция send_request с параметрами (<ClientTransport(Thread-1, started daemon 11740)>,), {'action': 'get_contacts', 'send_from': 'user_0', 'user': 'user_0'} В модуле messenger2.client.transport
2022-01-13 12:34:01,517 - INFO : Была вызвана функция send_request с параметрами (<ClientTransport(Thread-1, stopped daemon 11740)>,), {'action': 'quit', 'user': 'user_0'} В модуле messenger2.client.transport
2022-01-13 12:34:02,654 - INFO : Была вызвана функция send_request с параметрами (<ClientTransport(Thread-1, stopped daemon 21020)>,), {'action': 'quit', 'user': 'user_1'} В модуле messenger2.client.transport
2022-01-13 12:36:03,041 - INFO : Была вызвана функция send_request с параметрами (<ClientTransport(Thread-1, initial)>,), {'action': 'join', 'user': 'user_0'} В модуле messenger2.client.transport
2022-01-13 12:36:03,267 - INFO : Была вызвана функция send_request с параметрами (<ClientTransport(Thread-1, initial)>,), {'action': 'get_contacts', 'send_from': 'user_0', 'user': 'user_0'} В модуле messenger2.client.transport
2022-01-13 12:36:03,503 - INFO : Была вызвана функция send_request с параметрами (<ClientTransport(Thread-1, started daemon 22868)>,), {'action': 'get_contacts', 'send_from': 'user_0', 'user': 'user_0'} В модуле messenger2.client.transport
2022-01-13 12:36:22,883 - INFO : Была вызвана функция send_request с параметрами (<ClientTransport(Thread-1, stopped daemon 22868)>,), {'action': 'get_contacts'} В модуле messenger2.client.transport
2022-01-13 12:36:39,179 - INFO : Была вызвана функция send_request с параметрами (<ClientTransport(Thread-1, stopped daemon 22868)>,), {'action': 'add', 'send_from': 'user_0', 'message': 'user_1', 'user': 'user_0'} В модуле messenger2.client.transport
2022-01-13 12:36:39,411 - INFO : Была вызвана функция send_request с параметрами (<ClientTransport(Thread-1, stopped daemon 22868)>,), {'action': 'get_contacts'} В модуле messenger2.client.transport
2022-01-13 12:37:25,729 - INFO : Была вызвана функция send_request с параметрами (<ClientTransport(Thread-1, stopped daemon 22868)>,), {'action': 'msg', 'send_from': 'user_0', 'send_to': 'user_1', 'message': 'hi', 'user': 'user_0'} В модуле messenger2.client.transport
2022-01-13 12:38:07,355 - INFO : Была вызвана функция send_request с параметрами (<ClientTransport(Thread-1, stopped daemon 22868)>,), {'action': 'msg', 'send_from': 'user_0', 'send_to': 'user_1', 'message': 'hi', 'user': 'user_0'} В модуле messenger2.client.transport
2022-01-13 12:38:17,634 - INFO : Была вызвана функция send_request с параметрами (<ClientTransport(Thread-1, stopped daemon 22868)>,), {'action': 'msg', 'send_from': 'user_0', 'send_to': 'user_1', 'message': 'hi', 'user': 'user_0'} В модуле messenger2.client.transport
2022-01-13 12:38:24,483 - INFO : Была вызвана функция send_request с параметрами (<ClientTransport(Thread-1, stopped daemon 22868)>,), {'action': 'msg', 'send_from': 'user_0', 'send_to': 'user_1', 'message': 'hi', 'user': 'user_0'} В модуле messenger2.client.transport
2022-01-13 12:38:31,793 - INFO : Была вызвана функция send_request с параметрами (<ClientTransport(Thread-1, stopped daemon 22868)>,), {'action': 'msg', 'send_from': 'user_0', 'send_to': 'user_1', 'message': 'hi', 'user': 'user_0'} В модуле messenger2.client.transport
2022-01-13 12:38:41,601 - INFO : Была вызвана функция send_request с параметрами (<ClientTransport(Thread-1, stopped daemon 22868)>,), {'action': 'quit', 'user': 'user_0'} В модуле messenger2.client.transport
2022-01-13 12:40:10,115 - INFO : Была вызвана функция send_request с параметрами (<ClientTransport(Thread-1, initial)>,), {'action': 'join', 'user': 'user_0'} В модуле messenger2.client.transport
2022-01-13 12:40:10,331 - INFO : Была вызвана функция send_request с параметрами (<ClientTransport(Thread-1, initial)>,), {'action': 'get_contacts', 'send_from': 'user_0', 'user': 'user_0'} В модуле messenger2.client.transport
2022-01-13 12:40:10,560 - INFO : Была вызвана функция send_request с параметрами (<ClientTransport(Thread-1, started daemon 28584)>,), {'action': 'get_contacts', 'send_from': 'user_0', 'user': 'user_0'} В модуле messenger2.client.transport
2022-01-13 12:40:24,810 - INFO : Была вызвана функция send_request с параметрами (<ClientTransport(Thread-1, stopped daemon 28584)>,), {'action': 'msg', 'send_from': 'user_0', 'send_to': 'user_1', 'message': 'hi', 'user': 'user_0'} В модуле messenger2.client.transport
2022-01-13 12:40:41,810 - INFO : Была вызвана функция send_request с параметрами (<ClientTransport(Thread-1, stopped daemon 28584)>,), {'action': 'quit', 'user': 'user_0'} В модуле messenger2.client.transport
2022-01-13 12:41:05,863 - INFO : Была вызвана функция send_request с параметрами (<ClientTransport(Thread-1, initial)>,), {'action': 'join', 'user': 'user_0'} В модуле messenger2.client.transport
2022-01-13 12:41:06,085 - INFO : Была вызвана функция send_request с параметрами (<ClientTransport(Thread-1, initial)>,), {'action': 'get_contacts', 'send_from': 'user_0', 'user': 'user_0'} В модуле messenger2.client.transport
2022-01-13 12:41:06,322 - INFO : Была вызвана функция send_request с параметрами (<ClientTransport(Thread-1, started daemon 23540)>,), {'action': 'get_contacts', 'send_from': 'user_0', 'user': 'user_0'} В модуле messenger2.client.transport
2022-01-13 12:41:14,631 - INFO : Была вызвана функция send_request с параметрами (<ClientTransport(Thread-1, started daemon 23540)>,), {'action': 'msg', 'send_from': 'user_0', 'send_to': 'user_1', 'message': 'hi', 'user': 'user_0'} В модуле messenger2.client.transport
2022-01-13 12:41:20,418 - INFO : Была вызвана функция send_request с параметрами (<ClientTransport(Thread-1, started daemon 23540)>,), {'action': 'msg', 'send_from': 'user_0', 'send_to': 'user_1', 'message': 'hello', 'user': 'user_0'} В модуле messenger2.client.transport
2022-01-13 12:42:14,214 - INFO : Была вызвана функция send_request с параметрами (<ClientTransport(Thread-1, started daemon 23540)>,), {'action': 'get_contacts'} В модуле messenger2.client.transport
2022-01-13 12:42:19,322 - INFO : Была вызвана функция send_request с параметрами (<ClientTransport(Thread-1, started daemon 23540)>,), {'action': 'add', 'send_from': 'user_0', 'message': '', 'user': 'user_0'} В модуле messenger2.client.transport
2022-01-13 12:42:19,511 - INFO : Была вызвана функция send_request с параметрами (<ClientTransport(Thread-1, started daemon 23540)>,), {'action': 'get_contacts'} В модуле messenger2.client.transport
2022-01-13 12:42:31,322 - INFO : Была вызвана функция send_request с параметрами (<ClientTransport(Thread-1, started daemon 23540)>,), {'action': 'msg', 'send_from': 'user_0', 'send_to': 'user_1', 'message': 'hello', 'user': 'user_0'} В модуле messenger2.client.transport
2022-01-13 12:42:36,783 - INFO : Была вызвана функция send_request с параметрами (<ClientTransport(Thread-1, started daemon 23540)>,), {'action': 'quit', 'user': 'user_0'} В модуле messenger2.client.transport
2022-01-13 12:47:07,940 - INFO : Была вызвана функция send_request с параметрами (<ClientTransport(Thread-1, initial)>,), {'action': 'join', 'user': 'user_0'} В модуле messenger2.client.transport
2022-01-13 12:47:08,153 - INFO : Была вызвана функция send_request с параметрами (<ClientTransport(Thread-1, initial)>,), {'action': 'get_contacts', 'send_from': 'user_0', 'user': 'user_0'} В модуле messenger2.client.transport
2022-01-13 12:47:08,384 - INFO : Была вызвана функция send_request с параметрами (<ClientTransport(Thread-1, started daemon 27564)>,), {'action': 'get_contacts', 'send_from': 'user_0', 'user': 'user_0'} В модуле messenger2.client.transport
2022-01-13 12:47:15,357 - INFO : Была вызвана функция send_request с параметрами (<ClientTransport(Thread-1, started daemon 27564)>,), {'action': 'msg', 'send_from': 'user_0', 'send_to': 'user_1', 'message': 'test', 'user': 'user_0'} В модуле messenger2.client.transport
2022-01-13 12:47:29,980 - INFO : Была вызвана функция send_request с параметрами (<ClientTransport(Thread-1, started daemon 27564)>,), {'action': 'quit', 'user': 'user_0'} В модуле messenger2.client.transport
2022-01-13 12:47:52,206 - INFO : Была вызвана функция send_request с параметрами (<ClientTransport(Thread-1, initial)>,), {'action': 'join', 'user': 'user_0'} В модуле messenger2.client.transport
2022-01-13 12:47:52,417 - INFO : Была вызвана функция send_request с параметрами (<ClientTransport(Thread-1, initial)>,), {'action': 'get_contacts', 'send_from': 'user_0', 'user': 'user_0'} В модуле messenger2.client.transport
2022-01-13 12:47:52,648 - INFO : Была вызвана функция send_request с параметрами (<ClientTransport(Thread-1, started daemon 9108)>,), {'action': 'get_contacts', 'send_from': 'user_0', 'user': 'user_0'} В модуле messenger2.client.transport
2022-01-13 12:47:59,031 - INFO : Была вызвана функция send_request с параметрами (<ClientTransport(Thread-1, started daemon 9108)>,), {'action': 'msg', 'send_from': 'user_0', 'send_to': 'user_1', 'message': 'test', 'user': 'user_0'} В модуле messenger2.client.transport
2022-01-13 12:49:21,897 - INFO : Была вызвана функция send_request с параметрами (<ClientTransport(Thread-1, started daemon 9108)>,), {'action': 'quit', 'user': 'user_0'} В модуле messenger2.client.transport
2022-01-13 12:49:25,781 - INFO : Была вызвана функция send_request с параметрами (<ClientTransport(Thread-1, initial)>,), {'action': 'join', 'user': 'user_0'} В модуле messenger2.client.transport
2022-01-13 12:49:25,994 - INFO : Была вызвана функция send_request с параметрами (<ClientTransport(Thread-1, initial)>,), {'action': 'get_contacts', 'send_from': 'user_0', 'user': 'user_0'} В модуле messenger2.client.transport
2022-01-13 12:49:26,223 - INFO : Была вызвана функция send_request с параметрами (<ClientTransport(Thread-1, started daemon 21872)>,), {'action': 'get_contacts', 'send_from': 'user_0', 'user': 'user_0'} В модуле messenger2.client.transport
2022-01-13 12:49:31,510 - INFO : Была вызвана функция send_request с параметрами (<ClientTransport(Thread-1, started daemon 21872)>,), {'action': 'msg', 'send_from': 'user_0', 'send_to': 'user_1', 'message': 'hi', 'user': 'user_0'} В модуле messenger2.client.transport
2022-01-13 12:53:41,666 - INFO : Была вызвана функция send_request с параметрами (<ClientTransport(Thread-1, started daemon 21872)>,), {'action': 'quit', 'user': 'user_0'} В модуле messenger2.client.transport
2022-01-13 12:53:53,159 - INFO : Была вызвана функция send_request с параметрами (<ClientTransport(Thread-1, initial)>,), {'action': 'join', 'user': 'user_0'} В модуле messenger2.client.transport
2022-01-13 12:53:53,382 - INFO : Была вызвана функция send_request с параметрами (<ClientTransport(Thread-1, initial)>,), {'action': 'get_contacts', 'send_from': 'user_0', 'user': 'user_0'} В модуле messenger2.client.transport
2022-01-13 12:53:53,619 - INFO : Была вызвана функция send_request с параметрами (<ClientTransport(Thread-1, started daemon 27344)>,), {'action': 'get_contacts', 'send_from': 'user_0', 'user': 'user_0'} В модуле messenger2.client.transport
2022-01-13 12:54:02,296 - INFO : Была вызвана функция send_request с параметрами (<ClientTransport(Thread-1, started daemon 27344)>,), {'action': 'msg', 'send_from': 'user_0', 'send_to': 'user_1', 'message': 'test', 'user': 'user_0'} В модуле messenger2.client.transport
2022-01-13 12:54:27,957 - INFO : Была вызвана функция send_request с параметрами (<ClientTransport(Thread-1, started daemon 27344)>,), {'action': 'msg', 'send_from': 'user_0', 'send_to': 'user_1', 'message': 'test', 'user': 'user_0'} В модуле messenger2.client.transport
2022-01-13 12:54:38,305 - INFO : Была вызвана функция send_request с параметрами (<ClientTransport(Thread-1, started daemon 27344)>,), {'action': 'quit', 'user': 'user_0'} В модуле messenger2.client.transport
2022-01-13 12:54:50,185 - INFO : Была вызвана функция send_request с параметрами (<ClientTransport(Thread-1, initial)>,), {'action': 'join', 'user': 'user_2'} В модуле messenger2.client.transport
2022-01-13 12:54:50,205 - INFO : Была вызвана функция send_request с параметрами (<ClientTransport(Thread-1, initial)>,), {'action': 'join', 'user': 'user_0'} В модуле messenger2.client.transport
2022-01-13 12:54:50,218 - INFO : Была вызвана функция send_request с параметрами (<ClientTransport(Thread-1, initial)>,), {'action': 'join', 'user': 'user_1'} В модуле messenger2.client.transport
2022-01-13 12:54:50,223 - INFO : Была вызвана функция send_request с параметрами (<ClientTransport(Thread-1, initial)>,), {'action': 'get_contacts', 'send_from': 'user_2', 'user': 'user_2'} В модуле messenger2.client.transport
2022-01-13 12:54:50,233 - INFO : Была вызвана функция send_request с параметрами (<ClientTransport(Thread-1, initial)>,), {'action': 'get_contacts', 'send_from': 'user_0', 'user': 'user_0'} В модуле messenger2.client.transport
2022-01-13 12:54:50,245 - INFO : Была вызвана функция send_request с параметрами (<ClientTransport(Thread-1, initial)>,), {'action': 'get_contacts', 'send_from': 'user_1', 'user': 'user_1'} В модуле messenger2.client.transport
2022-01-13 12:54:50,477 - INFO : Была вызвана функция send_request с параметрами (<ClientTransport(Thread-1, started daemon 16460)>,), {'action': 'get_contacts', 'send_from': 'user_2', 'user': 'user_2'} В модуле messenger2.client.transport
2022-01-13 12:54:50,482 - INFO : Была вызвана функция send_request с параметрами (<ClientTransport(Thread-1, started daemon 12172)>,), {'action': 'get_contacts', 'send_from': 'user_0', 'user': 'user_0'} В модуле messenger2.client.transport
2022-01-13 12:54:50,485 - INFO : Была вызвана функция send_request с параметрами (<ClientTransport(Thread-1, started daemon 10952)>,), {'action': 'get_contacts', 'send_from': 'user_1', 'user': 'user_1'} В модуле messenger2.client.transport
2022-01-13 12:55:06,226 - INFO : Была вызвана функция send_request с параметрами (<ClientTransport(Thread-1, started daemon 10952)>,), {'action': 'get_contacts'} В модуле messenger2.client.transport
2022-01-13 12:55:08,569 - INFO : Была вызвана функция send_request с параметрами (<ClientTransport(Thread-1, started daemon 10952)>,), {'action': 'add', 'send_from': 'user_1', 'message': 'user_2', 'user': 'user_1'} В модуле messenger2.client.transport
2022-01-13 12:55:08,750 - INFO : Была вызвана функция send_request с параметрами (<ClientTransport(Thread-1, started daemon 10952)>,), {'action': 'get_contacts'} В модуле messenger2.client.transport
2022-01-13 12:55:10,020 - INFO : Была вызвана функция send_request с параметрами (<ClientTransport(Thread-1, started daemon 10952)>,), {'action': 'add', 'send_from': 'user_1', 'message': 'user_0', 'user': 'user_1'} В модуле messenger2.client.transport
2022-01-13 12:55:10,168 - INFO : Была вызвана функция send_request с параметрами (<ClientTransport(Thread-1, started daemon 10952)>,), {'action': 'get_contacts'} В модуле messenger2.client.transport
2022-01-13 12:55:31,192 - INFO : Была вызвана функция send_request с параметрами (<ClientTransport(Thread-1, started daemon 10952)>,), {'action': 'msg', 'send_from': 'user_1', 'send_to': 'user_2', 'message': 'hello', 'user': 'user_1'} В модуле messenger2.client.transport
2022-01-13 12:55:37,404 - INFO : Была вызвана функция send_request с параметрами (<ClientTransport(Thread-1, started daemon 16460)>,), {'action': 'add', 'send_from': 'user_2', 'message': 'user_1', 'user': 'user_2'} В модуле messenger2.client.transport
2022-01-13 12:55:42,519 - INFO : Была вызвана функция send_request с параметрами (<ClientTransport(Thread-1, started daemon 16460)>,), {'action': 'msg', 'send_from': 'user_2', 'send_to': 'user_1', 'message': 'hi', 'user': 'user_2'} В модуле messenger2.client.transport
2022-01-13 12:55:56,824 - INFO : Была вызвана функция send_request с параметрами (<ClientTransport(Thread-1, started daemon 10952)>,), {'action': 'msg', 'send_from': 'user_1', 'send_to': 'user_2', 'message': 'how are you ?\nremember me ?', 'user': 'user_1'} В модуле messenger2.client.transport
2022-01-13 12:56:16,253 - INFO : Была вызвана функция send_request с параметрами (<ClientTransport(Thread-1, started daemon 16460)>,), {'action': 'msg', 'send_from': 'user_2', 'send_to': 'user_1', 'message': 'no sorry', 'user': 'user_2'} В модуле messenger2.client.transport
2022-01-13 12:56:30,468 - INFO : Была вызвана функция send_request с параметрами (<ClientTransport(Thread-1, started daemon 10952)>,), {'action': 'msg', 'send_from': 'user_1', 'send_to': 'user_0', 'message': 'hi there!', 'user': 'user_1'} В модуле messenger2.client.transport
2022-01-13 12:56:49,474 - INFO : Была вызвана функция send_request с параметрами (<ClientTransport(Thread-1, started daemon 12172)>,), {'action': 'get_contacts'} В модуле messenger2.client.transport
2022-01-13 12:56:54,173 - INFO : Была вызвана функция send_request с параметрами (<ClientTransport(Thread-1, started daemon 12172)>,), {'action': 'get_contacts'} В модуле messenger2.client.transport
2022-01-13 12:57:00,783 - INFO : Была вызвана функция send_request с параметрами (<ClientTransport(Thread-1, started daemon 12172)>,), {'action': 'add', 'send_from': 'user_0', 'message': 'user_2', 'user': 'user_0'} В модуле messenger2.client.transport
2022-01-13 12:57:00,911 - INFO : Была вызвана функция send_request с параметрами (<ClientTransport(Thread-1, started daemon 12172)>,), {'action': 'get_contacts'} В модуле messenger2.client.transport
2022-01-13 12:57:09,269 - INFO : Была вызвана функция send_request с параметрами (<ClientTransport(Thread-1, started daemon 12172)>,), {'action': 'del', 'send_from': 'user_0', 'message': 'user_1', 'user': 'user_0'} В модуле messenger2.client.transport
2022-01-13 12:57:45,420 - INFO : Была вызвана функция send_request с параметрами (<ClientTransport(Thread-1, started daemon 12172)>,), {'action': 'quit', 'user': 'user_0'} В модуле messenger2.client.transport
2022-01-13 12:57:46,627 - INFO : Была вызвана функция send_request с параметрами (<ClientTransport(Thread-1, started daemon 10952)>,), {'action': 'quit', 'user': 'user_1'} В модуле messenger2.client.transport
2022-01-13 12:57:49,123 - INFO : Была вызвана функция send_request с параметрами (<ClientTransport(Thread-1, started daemon 16460)>,), {'action': 'quit', 'user': 'user_2'} В модуле messenger2.client.transport
2022-01-13 12:58:50,037 - INFO : Была вызвана функция send_request с параметрами (<ClientTransport(Thread-1, initial)>,), {'action': 'join', 'user': 'user_1'} В модуле messenger2.client.transport
2022-01-13 12:58:50,043 - INFO : Была вызвана функция send_request с параметрами (<ClientTransport(Thread-1, initial)>,), {'action': 'join', 'user': 'user_0'} В модуле messenger2.client.transport
2022-01-13 12:58:50,052 - INFO : Была вызвана функция send_request с параметрами (<ClientTransport(Thread-1, initial)>,), {'action': 'join', 'user': 'user_3'} В модуле messenger2.client.transport
2022-01-13 12:58:50,078 - INFO : Была вызвана функция send_request с параметрами (<ClientTransport(Thread-1, initial)>,), {'action': 'get_contacts', 'send_from': 'user_1', 'user': 'user_1'} В модуле messenger2.client.transport
2022-01-13 12:58:50,106 - INFO : Была вызвана функция send_request с параметрами (<ClientTransport(Thread-1, initial)>,), {'action': 'get_contacts', 'send_from': 'user_0', 'user': 'user_0'} В модуле messenger2.client.transport
2022-01-13 12:58:50,134 - INFO : Была вызвана функция send_request с параметрами (<ClientTransport(Thread-1, initial)>,), {'action': 'get_contacts', 'send_from': 'user_3', 'user': 'user_3'} В модуле messenger2.client.transport
2022-01-13 12:58:50,358 - INFO : Была вызвана функция send_request с параметрами (<ClientTransport(Thread-1, initial)>,), {'action': 'join', 'user': 'user_2'} В модуле messenger2.client.transport
2022-01-13 12:58:50,364 - INFO : Была вызвана функция send_request с параметрами (<ClientTransport(Thread-1, initial)>,), {'action': 'join', 'user': 'user_4'} В модуле messenger2.client.transport
2022-01-13 12:58:50,392 - INFO : Была вызвана функция send_request с параметрами (<ClientTransport(Thread-1, started daemon 10872)>,), {'action': 'get_contacts', 'send_from': 'user_1', 'user': 'user_1'} В модуле messenger2.client.transport
2022-01-13 12:58:50,400 - INFO : Была вызвана функция send_request с параметрами (<ClientTransport(Thread-1, started daemon 15692)>,), {'action': 'get_contacts', 'send_from': 'user_0', 'user': 'user_0'} В модуле messenger2.client.transport
2022-01-13 12:58:50,402 - INFO : Была вызвана функция send_request с параметрами (<ClientTransport(Thread-1, started daemon 18768)>,), {'action': 'get_contacts', 'send_from': 'user_3', 'user': 'user_3'} В модуле messenger2.client.transport
2022-01-13 12:58:50,409 - INFO : Была вызвана функция send_request с параметрами (<ClientTransport(Thread-1, initial)>,), {'action': 'get_contacts', 'send_from': 'user_2', 'user': 'user_2'} В модуле messenger2.client.transport
2022-01-13 12:58:50,685 - INFO : Была вызвана функция send_request с параметрами (<ClientTransport(Thread-1, initial)>,), {'action': 'get_contacts', 'send_from': 'user_4', 'user': 'user_4'} В модуле messenger2.client.transport
2022-01-13 12:58:50,688 - INFO : Была вызвана функция send_request с параметрами (<ClientTransport(Thread-1, started daemon 23028)>,), {'action': 'get_contacts', 'send_from': 'user_2', 'user': 'user_2'} В модуле messenger2.client.transport
2022-01-13 12:58:50,977 - INFO : Была вызвана функция send_request с параметрами (<ClientTransport(Thread-1, started daemon 19800)>,), {'action': 'get_contacts', 'send_from': 'user_4', 'user': 'user_4'} В модуле messenger2.client.transport
2022-01-13 12:59:44,028 - INFO : Была вызвана функция send_request с параметрами (<ClientTransport(Thread-1, started daemon 23028)>,), {'action': 'quit', 'user': 'user_2'} В модуле messenger2.client.transport
2022-01-13 12:59:46,931 - INFO : Была вызвана функция send_request с параметрами (<ClientTransport(Thread-1, started daemon 15692)>,), {'action': 'quit', 'user': 'user_0'} В модуле messenger2.client.transport
2022-01-13 12:59:52,593 - INFO : Была вызвана функция send_request с параметрами (<ClientTransport(Thread-1, started daemon 10872)>,), {'action': 'get_contacts'} В модуле messenger2.client.transport
2022-01-13 12:59:56,577 - INFO : Была вызвана функция send_request с параметрами (<ClientTransport(Thread-1, started daemon 10872)>,), {'action': 'add', 'send_from': 'user_1', 'message': 'user_4', 'user': 'user_1'} В модуле messenger2.client.transport
2022-01-13 12:59:56,809 - INFO : Была вызвана функция send_request с параметрами (<ClientTransport(Thread-1, started daemon 10872)>,), {'action': 'get_contacts'} В модуле messenger2.client.transport
2022-01-13 13:00:04,037 - INFO : Была вызвана функция send_request с параметрами (<ClientTransport(Thread-1, started daemon 10872)>,), {'action': 'msg', 'send_from': 'user_1', 'send_to': 'user_4', 'message': 'hi', 'user': 'user_1'} В модуле messenger2.client.transport
2022-01-13 13:00:11,098 - INFO : Была вызвана функция send_request с параметрами (<ClientTransport(Thread-1, started daemon 19800)>,), {'action': 'add', 'send_from': 'user_4', 'message': 'user_1', 'user': 'user_4'} В модуле messenger2.client.transport
2022-01-13 13:00:31,339 - INFO : Была вызвана функция send_request с параметрами (<ClientTransport(Thread-1, started daemon 19800)>,), {'action': 'msg', 'send_from': 'user_4', 'send_to': 'user_1', 'message': 'hello world', 'user': 'user_4'} В модуле messenger2.client.transport
2022-01-13 13:00:50,370 - INFO : Была вызвана функция send_request с параметрами (<ClientTransport(Thread-1, started daemon 18768)>,), {'action': 'get_contacts'} В модуле messenger2.client.transport
2022-01-13 13:00:55,091 - INFO : Была вызвана функция send_request с параметрами (<ClientTransport(Thread-1, started daemon 18768)>,), {'action': 'add', 'send_from': 'user_3', 'message': 'user_2', 'user': 'user_3'} В модуле messenger2.client.transport
2022-01-13 13:00:55,235 - INFO : Была вызвана функция send_request с параметрами (<ClientTransport(Thread-1, started daemon 18768)>,), {'action': 'get_contacts'} В модуле messenger2.client.transport
2022-01-13 13:01:07,253 - INFO : Была вызвана функция send_request с параметрами (<ClientTransport(Thread-1, started daemon 18768)>,), {'action': 'msg', 'send_from': 'user_3', 'send_to': 'user_2', 'message': 'hello world', 'user': 'user_3'} В модуле messenger2.client.transport
2022-01-13 13:01:17,061 - INFO : Была вызвана функция send_request с параметрами (<ClientTransport(Thread-1, started daemon 18768)>,), {'action': 'del', 'send_from': 'user_3', 'message': 'user_2', 'user': 'user_3'} В модуле messenger2.client.transport
2022-01-13 13:01:39,910 - INFO : Была вызвана функция send_request с параметрами (<ClientTransport(Thread-1, started daemon 10872)>,), {'action': 'quit', 'user': 'user_1'} В модуле messenger2.client.transport
2022-01-13 13:01:42,234 - INFO : Была вызвана функция send_request с параметрами (<ClientTransport(Thread-1, started daemon 19800)>,), {'action': 'quit', 'user': 'user_4'} В модуле messenger2.client.transport
2022-01-13 13:03:31,484 - INFO : Была вызвана функция send_request с параметрами (<ClientTransport(Thread-1, initial)>,), {'action': 'join', 'user': 'Guest_6'} В модуле messenger2.client.transport
2022-01-13 13:03:31,704 - INFO : Была вызвана функция send_request с параметрами (<ClientTransport(Thread-1, initial)>,), {'action': 'get_contacts', 'send_from': 'Guest_6', 'user': 'Guest_6'} В модуле messenger2.client.transport
2022-01-13 13:03:31,933 - INFO : Была вызвана функция send_request с параметрами (<ClientTransport(Thread-1, started daemon 1180)>,), {'action': 'get_contacts', 'send_from': 'Guest_6', 'user': 'Guest_6'} В модуле messenger2.client.transport
2022-01-13 13:05:26,192 - INFO : Была вызвана функция send_request с параметрами (<ClientTransport(Thread-1, initial)>,), {'action': 'join', 'user': 'Guest_11'} В модуле messenger2.client.transport
2022-01-13 13:05:26,414 - INFO : Была вызвана функция send_request с параметрами (<ClientTransport(Thread-1, initial)>,), {'action': 'get_contacts', 'send_from': 'Guest_11', 'user': 'Guest_11'} В модуле messenger2.client.transport
2022-01-13 13:06:11,858 - INFO : Была вызвана функция send_request с параметрами (<ClientTransport(Thread-1, initial)>,), {'action': 'join', 'user': 'Guest_1'} В модуле messenger2.client.transport
2022-01-13 13:06:12,082 - INFO : Была вызвана функция send_request с параметрами (<ClientTransport(Thread-1, initial)>,), {'action': 'get_contacts', 'send_from': 'Guest_1', 'user': 'Guest_1'} В модуле messenger2.client.transport
2022-01-13 13:06:12,310 - INFO : Была вызвана функция send_request с параметрами (<ClientTransport(Thread-1, started daemon 4092)>,), {'action': 'get_contacts', 'send_from': 'Guest_1', 'user': 'Guest_1'} В модуле messenger2.client.transport
2022-01-13 13:07:07,093 - INFO : Была вызвана функция send_request с параметрами (<ClientTransport(Thread-1, initial)>,), {'action': 'join', 'user': 'Guest_14'} В модуле messenger2.client.transport
2022-01-13 13:07:07,327 - INFO : Была вызвана функция send_request с параметрами (<ClientTransport(Thread-1, initial)>,), {'action': 'get_contacts', 'send_from': 'Guest_14', 'user': 'Guest_14'} В модуле messenger2.client.transport
2022-01-13 13:07:07,562 - INFO : Была вызвана функция send_request с параметрами (<ClientTransport(Thread-1, started daemon 26380)>,), {'action': 'get_contacts', 'send_from': 'Guest_14', 'user': 'Guest_14'} В модуле messenger2.client.transport
2022-01-13 13:07:10,872 - INFO : Была вызвана функция send_request с параметрами (<ClientTransport(Thread-1, started daemon 26380)>,), {'action': 'quit', 'user': 'Guest_14'} В модуле messenger2.client.transport
2022-01-13 13:07:57,114 - INFO : Была вызвана функция send_request с параметрами (<ClientTransport(Thread-1, initial)>,), {'action': 'join', 'user': 'Guest_15'} В модуле messenger2.client.transport
2022-01-13 13:07:57,340 - INFO : Была вызвана функция send_request с параметрами (<ClientTransport(Thread-1, initial)>,), {'action': 'get_contacts', 'send_from': 'Guest_15', 'user': 'Guest_15'} В модуле messenger2.client.transport
2022-01-13 13:07:57,574 - INFO : Была вызвана функция send_request с параметрами (<ClientTransport(Thread-1, started daemon 12168)>,), {'action': 'get_contacts', 'send_from': 'Guest_15', 'user': 'Guest_15'} В модуле messenger2.client.transport
2022-01-13 13:08:01,578 - INFO : Была вызвана функция send_request с параметрами (<ClientTransport(Thread-1, started daemon 12168)>,), {'action': 'quit', 'user': 'Guest_15'} В модуле messenger2.client.transport
2022-01-13 13:09:25,069 - INFO : Была вызвана функция send_request с параметрами (<ClientTransport(Thread-1, initial)>,), {'action': 'join', 'user': 'user_1'} В модуле messenger2.client.transport
2022-01-13 13:09:25,075 - INFO : Была вызвана функция send_request с параметрами (<ClientTransport(Thread-1, initial)>,), {'action': 'join', 'user': 'user_0'} В модуле messenger2.client.transport
2022-01-13 13:09:25,092 - INFO : Была вызвана функция send_request с параметрами (<ClientTransport(Thread-1, initial)>,), {'action': 'join', 'user': 'user_2'} В модуле messenger2.client.transport
2022-01-13 13:09:25,094 - INFO : Была вызвана функция send_request с параметрами (<ClientTransport(Thread-1, initial)>,), {'action': 'join', 'user': 'user_3'} В модуле messenger2.client.transport
2022-01-13 13:09:25,104 - INFO : Была вызвана функция send_request с параметрами (<ClientTransport(Thread-1, initial)>,), {'action': 'get_contacts', 'send_from': 'user_1', 'user': 'user_1'} В модуле messenger2.client.transport
2022-01-13 13:09:25,121 - INFO : Была вызвана функция send_request с параметрами (<ClientTransport(Thread-1, initial)>,), {'action': 'get_contacts', 'send_from': 'user_0', 'user': 'user_0'} В модуле messenger2.client.transport
2022-01-13 13:09:25,137 - INFO : Была вызвана функция send_request с параметрами (<ClientTransport(Thread-1, initial)>,), {'action': 'get_contacts', 'send_from': 'user_2', 'user': 'user_2'} В модуле messenger2.client.transport
2022-01-13 13:09:25,168 - INFO : Была вызвана функция send_request с параметрами (<ClientTransport(Thread-1, started daemon 21280)>,), {'action': 'get_contacts', 'send_from': 'user_1', 'user': 'user_1'} В модуле messenger2.client.transport
2022-01-13 13:09:25,168 - INFO : Была вызвана функция send_request с параметрами (<ClientTransport(Thread-1, initial)>,), {'action': 'get_contacts', 'send_from': 'user_3', 'user': 'user_3'} В модуле messenger2.client.transport
2022-01-13 13:09:25,172 - INFO : Была вызвана функция send_request с параметрами (<ClientTransport(Thread-1, started daemon 23328)>,), {'action': 'get_contacts', 'send_from': 'user_0', 'user': 'user_0'} В модуле messenger2.client.transport
2022-01-13 13:09:25,420 - INFO : Была вызвана функция send_request с параметрами (<ClientTransport(Thread-1, started daemon 26220)>,), {'action': 'get_contacts', 'send_from': 'user_2', 'user': 'user_2'} В модуле messenger2.client.transport
2022-01-13 13:09:25,427 - INFO : Была вызвана функция send_request с параметрами (<ClientTransport(Thread-1, started daemon 26084)>,), {'action': 'get_contacts', 'send_from': 'user_3', 'user': 'user_3'} В модуле messenger2.client.transport
2022-01-13 13:09:27,723 - INFO : Была вызвана функция send_request с параметрами (<ClientTransport(Thread-1, started daemon 26220)>,), {'action': 'get_contacts'} В модуле messenger2.client.transport
2022-01-13 13:09:29,833 - INFO : Была вызвана функция send_request с параметрами (<ClientTransport(Thread-1, started daemon 26220)>,), {'action': 'add', 'send_from': 'user_2', 'message': 'user_0', 'user': 'user_2'} В модуле messenger2.client.transport
2022-01-13 13:09:30,096 - INFO : Была вызвана функция send_request с параметрами (<ClientTransport(Thread-1, started daemon 26220)>,), {'action': 'get_contacts'} В модуле messenger2.client.transport
2022-01-13 13:09:31,854 - INFO : Была вызвана функция send_request с параметрами (<ClientTransport(Thread-1, started daemon 26220)>,), {'action': 'add', 'send_from': 'user_2', 'message': 'user_3', 'user': 'user_2'} В модуле messenger2.client.transport
2022-01-13 13:09:31,915 - INFO : Была вызвана функция send_request с параметрами (<ClientTransport(Thread-1, started daemon 26220)>,), {'action': 'get_contacts'} В модуле messenger2.client.transport
2022-01-13 13:09:32,883 - INFO : Была вызвана функция send_request с параметрами (<ClientTransport(Thread-1, started daemon 26220)>,), {'action': 'add', 'send_from': 'user_2', 'message': 'user_1', 'user': 'user_2'} В модуле messenger2.client.transport
2022-01-13 13:09:32,935 - INFO : Была вызвана функция send_request с параметрами (<ClientTransport(Thread-1, started daemon 26220)>,), {'action': 'get_contacts'} В модуле messenger2.client.transport
2022-01-13 13:09:43,082 - INFO : Была вызвана функция send_request с параметрами (<ClientTransport(Thread-1, started daemon 26220)>,), {'action': 'msg', 'send_from': 'user_2', 'send_to': 'user_0', 'message': 'hello', 'user': 'user_2'} В модуле messenger2.client.transport
2022-01-13 13:09:49,735 - INFO : Была вызвана функция send_request с параметрами (<ClientTransport(Thread-1, started daemon 23328)>,), {'action': 'add', 'send_from': 'user_0', 'message': 'user_2', 'user': 'user_0'} В модуле messenger2.client.transport
2022-01-13 13:09:55,612 - INFO : Была вызвана функция send_request с параметрами (<ClientTransport(Thread-1, started daemon 23328)>,), {'action': 'msg', 'send_from': 'user_0', 'send_to': 'user_2', 'message': 'hi', 'user': 'user_0'} В модуле messenger2.client.transport
2022-01-13 13:10:00,160 - INFO : Была вызвана функция send_request с параметрами (<ClientTransport(Thread-1, started daemon 23328)>,), {'action': 'quit', 'user': 'user_0'} В модуле messenger2.client.transport
2022-01-13 13:10:16,216 - INFO : Была вызвана функция send_request с параметрами (<ClientTransport(Thread-1, started daemon 21280)>,), {'action': 'get_contacts'} В модуле messenger2.client.transport
2022-01-13 13:10:18,252 - INFO : Была вызвана функция send_request с параметрами (<ClientTransport(Thread-1, started daemon 21280)>,), {'action': 'add', 'send_from': 'user_1', 'message': 'user_0', 'user': 'user_1'} В модуле messenger2.client.transport
2022-01-13 13:10:18,315 - INFO : Была вызвана функция send_request с параметрами (<ClientTransport(Thread-1, started daemon 21280)>,), {'action': 'get_contacts'} В модуле messenger2.client.transport
2022-01-13 13:10:31,622 - INFO : Была вызвана функция send_request с параметрами (<ClientTransport(Thread-1, started daemon 21280)>,), {'action': 'del', 'send_from': 'user_1', 'message': 'user_0', 'user': 'user_1'} В модуле messenger2.client.transport
2022-01-13 13:10:34,092 - INFO : Была вызвана функция send_request с параметрами (<ClientTransport(Thread-1, started daemon 21280)>,), {'action': 'quit', 'user': 'user_1'} В модуле messenger2.client.transport
2022-01-13 13:10:41,173 - INFO : Была вызвана функция send_request с параметрами (<ClientTransport(Thread-1, started daemon 26084)>,), {'action': 'quit', 'user': 'user_3'} В модуле messenger2.client.transport
2022-01-13 13:10:48,896 - INFO : Была вызвана функция send_request с параметрами (<ClientTransport(Thread-1, started daemon 26220)>,), {'action': 'quit', 'user': 'user_2'} В модуле messenger2.client.transport
